<?xml version="1.0" encoding="UTF-8"?>
<testsuite name="The user registers bronze, silver and gold on the magnet page }" tests="1" skipped="0" failures="1" errors="0" timestamp="2023-12-13T17:17:13" hostname="PSY-E154" time="129.015">
  <properties/>
  <testcase name="Make gold Record" classname="The user registers bronze, silver and gold on the magnet page }" time="129.015">
    <failure message="java.lang.AssertionError: &#10;Expected: an element that is visible&#10;     but: no matching element found by css: Esta es la descripcion que se tiene para los campos que lo requieran Esta es la descripcion que se tiene para los campos que lo requieran" type="java.lang.AssertionError">java.lang.AssertionError: 
Expected: an element that is visible
     but: no matching element found by css: Esta es la descripcion que se tiene para los campos que lo requieran Esta es la descripcion que se tiene para los campos que lo requieran
	at net.serenitybdd.screenplay.ErrorTally.throwSummaryExceptionFrom(ErrorTally.java:36)
	at net.serenitybdd.screenplay.ErrorTally.reportAnyErrors(ErrorTally.java:30)
	at net.serenitybdd.screenplay.Actor.should(Actor.java:301)
	at net.serenitybdd.screenplay.waits.WaitUntilBuilder$1.performAs(WaitUntilBuilder.java:29)
	at net.serenitybdd.screenplay.Actor.performTask(Actor.java:233)
	at net.serenitybdd.screenplay.Actor.perform(Actor.java:214)
	at net.serenitybdd.screenplay.Actor.performSilently(Actor.java:194)
	at net.serenitybdd.screenplay.Actor.attemptsTo(Actor.java:167)
	at com.magnetocandidato.tasks.RegisterUserGold.performAs(RegisterUserGold.java:153)
	at com.magnetocandidato.tasks.RegisterUserGold$ByteBuddy$Mqas4WkE.performAs$accessor$UspfOjo7(Unknown Source)
	at java.base/jdk.internal.reflect.NativeMethodAccessorImpl.invoke0(Native Method)
	at java.base/jdk.internal.reflect.NativeMethodAccessorImpl.invoke(NativeMethodAccessorImpl.java:62)
	at java.base/jdk.internal.reflect.DelegatingMethodAccessorImpl.invoke(DelegatingMethodAccessorImpl.java:43)
	at java.base/java.lang.reflect.Method.invoke(Method.java:564)
	at net.thucydides.core.steps.StepInterceptor.invokeMethod(StepInterceptor.java:466)
	at net.thucydides.core.steps.StepInterceptor.executeTestStepMethod(StepInterceptor.java:450)
	at net.thucydides.core.steps.StepInterceptor.runTestStep(StepInterceptor.java:425)
	at net.thucydides.core.steps.StepInterceptor.runOrSkipMethod(StepInterceptor.java:180)
	at net.thucydides.core.steps.StepInterceptor.testStepResult(StepInterceptor.java:167)
	at net.thucydides.core.steps.StepInterceptor.intercept(StepInterceptor.java:74)
	at com.magnetocandidato.tasks.RegisterUserGold$ByteBuddy$Mqas4WkE.performAs(Unknown Source)
	at net.serenitybdd.screenplay.Actor.performTask(Actor.java:233)
	at net.serenitybdd.screenplay.Actor.perform(Actor.java:214)
	at net.serenitybdd.screenplay.Actor.attemptsTo(Actor.java:171)
	at com.magnetocandidato.stepdefinitions.RegisterUserSteDefinition.theUserRegistersGold(RegisterUserSteDefinition.java:45)
	at ✽.the user registers gold(src/test/resources/features/register_user.feature:19)
</failure>
  </testcase>
  <system-out><![CDATA[4238
4026
]]></system-out>
  <system-err><![CDATA[dic. 13, 2023 6:17:14 P.M. org.openqa.selenium.remote.DesiredCapabilities chrome
INFORMACIÓN: Using `new ChromeOptions()` is preferred to `DesiredCapabilities.chrome()`
[Test worker] INFO net.serenitybdd.core.webdriver.driverproviders.ProvideNewDriver - Instantiating driver
[Test worker] INFO net.serenitybdd.core.webdriver.driverproviders.ProvideNewDriver - Driver capabilities: Capabilities {acceptInsecureCerts: false, acceptSslCerts: true, browserName: chrome, chrome.switches: --start-maximized;--disable..., goog:chromeOptions: {args: [--start-maximized, --disable-extensions, --disable-infobars, --no-sandbox, --disable-popup-blocking, --disable-default-apps, --allow-popups-during-page-..., --disable-extensions-file-a...], extensions: [], prefs: {safebrowsing.enabled: false}}, loggingPrefs: org.openqa.selenium.logging..., platform: ANY, unhandledPromptBehavior: ignore, version: }
Starting ChromeDriver 120.0.6099.71 (9729082fe6174c0a371fc66501f5efc5d69d3d2b-refs/branch-heads/6099_56@{#13}) on port 28402
Only local connections are allowed.
Please see https://chromedriver.chromium.org/security-considerations for suggestions on keeping ChromeDriver safe.
ChromeDriver was started successfully.
dic. 13, 2023 6:17:16 P.M. org.openqa.selenium.remote.ProtocolHandshake createSession
INFORMACIÓN: Detected dialect: W3C
[Test worker] ERROR net.thucydides.core.steps.ConsoleLoggingListener - 
           __  _____ _____ ____ _____   _____ _    ___ _     _____ ____  
  _       / / |_   _| ____/ ___|_   _| |  ___/ \  |_ _| |   | ____|  _ \ 
 (_)_____| |    | | |  _| \___ \ | |   | |_ / _ \  | || |   |  _| | | | |
  _|_____| |    | | | |___ ___) || |   |  _/ ___ \ | || |___| |___| |_| |
 (_)     | |    |_| |_____|____/ |_|   |_|/_/   \_\___|_____|_____|____/ 
          \_\                                                            

TEST FAILED: Make gold Record
--------------------------------------------------------------------------
[Test worker] ERROR net.thucydides.core.steps.ConsoleLoggingListener - TEST FAILED AT STEP Yeferson register user gold
[Test worker] ERROR net.thucydides.core.steps.ConsoleLoggingListener - Expected: an element that is visible but: no matching element found by css: Esta es la descripcion que se tiene para los campos que lo requieran Esta es la descripcion que se tiene para los campos que lo requieran
]]></system-err>
</testsuite>
