<?xml version="1.0" encoding="UTF-8"?>
<testsuite name="The user registers bronze, silver and gold on the magnet page }" tests="1" skipped="0" failures="0" errors="0" timestamp="2024-01-25T14:23:10" hostname="PSY-E154" time="136.583">
  <properties/>
  <testcase name="Make gold Record" classname="The user registers bronze, silver and gold on the magnet page }" time="136.583"/>
  <system-out><![CDATA[3463
3454
]]></system-out>
  <system-err><![CDATA[ene. 25, 2024 9:23:11 A.M. org.openqa.selenium.remote.DesiredCapabilities chrome
INFORMACIÓN: Using `new ChromeOptions()` is preferred to `DesiredCapabilities.chrome()`
[Test worker] INFO net.serenitybdd.core.webdriver.driverproviders.ProvideNewDriver - Instantiating driver
[Test worker] INFO net.serenitybdd.core.webdriver.driverproviders.ProvideNewDriver - Driver capabilities: Capabilities {acceptInsecureCerts: false, acceptSslCerts: true, browserName: chrome, chrome.switches: --start-maximized;--disable..., goog:chromeOptions: {args: [--start-maximized, --disable-extensions, --disable-infobars, --no-sandbox, --disable-popup-blocking, --disable-default-apps, --allow-popups-during-page-..., --disable-extensions-file-a...], extensions: [], prefs: {safebrowsing.enabled: false}}, loggingPrefs: org.openqa.selenium.logging..., platform: ANY, unhandledPromptBehavior: ignore, version: }
Starting ChromeDriver 120.0.6099.71 (9729082fe6174c0a371fc66501f5efc5d69d3d2b-refs/branch-heads/6099_56@{#13}) on port 2686
Only local connections are allowed.
Please see https://chromedriver.chromium.org/security-considerations for suggestions on keeping ChromeDriver safe.
ChromeDriver was started successfully.
ene. 25, 2024 9:23:13 A.M. org.openqa.selenium.remote.ProtocolHandshake createSession
INFORMACIÓN: Detected dialect: W3C
[Test worker] INFO net.thucydides.core.steps.ConsoleLoggingListener - 
        __    _____ _____ ____ _____   ____   _    ____  ____  _____ ____  
  _     \ \  |_   _| ____/ ___|_   _| |  _ \ / \  / ___|/ ___|| ____|  _ \ 
 (_)_____| |   | | |  _| \___ \ | |   | |_) / _ \ \___ \\___ \|  _| | | | |
  _|_____| |   | | | |___ ___) || |   |  __/ ___ \ ___) |___) | |___| |_| |
 (_)     | |   |_| |_____|____/ |_|   |_| /_/   \_\____/|____/|_____|____/ 
        /_/                                                                

TEST PASSED: Make gold Record
----------------------------------------------------------------------------
]]></system-err>
</testsuite>
